{"C:\\Users\\LENOVO\\Desktop\\Software02\\Task-Management-System\\Server\\AuthServiceUnitTesting.js": {"path":"C:\\Users\\LENOVO\\Desktop\\Software02\\Task-Management-System\\Server\\AuthServiceUnitTesting.js","statementMap":{"0":{"start":{"line":1,"column":13},"end":{"line":1,"column":40}},"1":{"start":{"line":2,"column":15},"end":{"line":2,"column":34}},"2":{"start":{"line":3,"column":12},"end":{"line":3,"column":35}},"3":{"start":{"line":5,"column":17},"end":{"line":30,"column":1}},"4":{"start":{"line":6,"column":72},"end":{"line":6,"column":76}},"5":{"start":{"line":9,"column":2},"end":{"line":11,"column":3}},"6":{"start":{"line":10,"column":4},"end":{"line":10,"column":47}},"7":{"start":{"line":13,"column":21},"end":{"line":13,"column":50}},"8":{"start":{"line":14,"column":2},"end":{"line":14,"column":57}},"9":{"start":{"line":14,"column":18},"end":{"line":14,"column":57}},"10":{"start":{"line":16,"column":25},"end":{"line":16,"column":56}},"11":{"start":{"line":18,"column":18},"end":{"line":25,"column":4}},"12":{"start":{"line":27,"column":2},"end":{"line":27,"column":23}},"13":{"start":{"line":29,"column":2},"end":{"line":29,"column":54}},"14":{"start":{"line":32,"column":14},"end":{"line":48,"column":1}},"15":{"start":{"line":33,"column":30},"end":{"line":33,"column":34}},"16":{"start":{"line":35,"column":2},"end":{"line":37,"column":3}},"17":{"start":{"line":36,"column":4},"end":{"line":36,"column":47}},"18":{"start":{"line":39,"column":15},"end":{"line":39,"column":44}},"19":{"start":{"line":40,"column":2},"end":{"line":40,"column":52}},"20":{"start":{"line":40,"column":13},"end":{"line":40,"column":52}},"21":{"start":{"line":42,"column":18},"end":{"line":42,"column":63}},"22":{"start":{"line":43,"column":2},"end":{"line":43,"column":55}},"23":{"start":{"line":43,"column":16},"end":{"line":43,"column":55}},"24":{"start":{"line":45,"column":16},"end":{"line":45,"column":100}},"25":{"start":{"line":47,"column":2},"end":{"line":47,"column":38}},"26":{"start":{"line":50,"column":16},"end":{"line":66,"column":1}},"27":{"start":{"line":51,"column":2},"end":{"line":51,"column":51}},"28":{"start":{"line":51,"column":14},"end":{"line":51,"column":51}},"29":{"start":{"line":54,"column":2},"end":{"line":58,"column":3}},"30":{"start":{"line":55,"column":4},"end":{"line":55,"column":71}},"31":{"start":{"line":57,"column":4},"end":{"line":57,"column":37}},"32":{"start":{"line":60,"column":20},"end":{"line":60,"column":27}},"33":{"start":{"line":62,"column":22},"end":{"line":62,"column":76}},"34":{"start":{"line":63,"column":2},"end":{"line":63,"column":54}},"35":{"start":{"line":63,"column":20},"end":{"line":63,"column":54}},"36":{"start":{"line":65,"column":2},"end":{"line":65,"column":21}},"37":{"start":{"line":68,"column":0},"end":{"line":68,"column":46}}},"fnMap":{"0":{"name":"(anonymous_0)","decl":{"start":{"line":5,"column":17},"end":{"line":5,"column":18}},"loc":{"start":{"line":5,"column":37},"end":{"line":30,"column":1}},"line":5},"1":{"name":"(anonymous_1)","decl":{"start":{"line":32,"column":14},"end":{"line":32,"column":15}},"loc":{"start":{"line":32,"column":34},"end":{"line":48,"column":1}},"line":32},"2":{"name":"(anonymous_2)","decl":{"start":{"line":50,"column":16},"end":{"line":50,"column":17}},"loc":{"start":{"line":50,"column":33},"end":{"line":66,"column":1}},"line":50}},"branchMap":{"0":{"loc":{"start":{"line":9,"column":2},"end":{"line":11,"column":3}},"type":"if","locations":[{"start":{"line":9,"column":2},"end":{"line":11,"column":3}},{"start":{},"end":{}}],"line":9},"1":{"loc":{"start":{"line":9,"column":6},"end":{"line":9,"column":52}},"type":"binary-expr","locations":[{"start":{"line":9,"column":6},"end":{"line":9,"column":12}},{"start":{"line":9,"column":16},"end":{"line":9,"column":25}},{"start":{"line":9,"column":29},"end":{"line":9,"column":39}},{"start":{"line":9,"column":43},"end":{"line":9,"column":52}}],"line":9},"2":{"loc":{"start":{"line":14,"column":2},"end":{"line":14,"column":57}},"type":"if","locations":[{"start":{"line":14,"column":2},"end":{"line":14,"column":57}},{"start":{},"end":{}}],"line":14},"3":{"loc":{"start":{"line":35,"column":2},"end":{"line":37,"column":3}},"type":"if","locations":[{"start":{"line":35,"column":2},"end":{"line":37,"column":3}},{"start":{},"end":{}}],"line":35},"4":{"loc":{"start":{"line":35,"column":6},"end":{"line":35,"column":25}},"type":"binary-expr","locations":[{"start":{"line":35,"column":6},"end":{"line":35,"column":12}},{"start":{"line":35,"column":16},"end":{"line":35,"column":25}}],"line":35},"5":{"loc":{"start":{"line":40,"column":2},"end":{"line":40,"column":52}},"type":"if","locations":[{"start":{"line":40,"column":2},"end":{"line":40,"column":52}},{"start":{},"end":{}}],"line":40},"6":{"loc":{"start":{"line":43,"column":2},"end":{"line":43,"column":55}},"type":"if","locations":[{"start":{"line":43,"column":2},"end":{"line":43,"column":55}},{"start":{},"end":{}}],"line":43},"7":{"loc":{"start":{"line":45,"column":62},"end":{"line":45,"column":99}},"type":"binary-expr","locations":[{"start":{"line":45,"column":62},"end":{"line":45,"column":84}},{"start":{"line":45,"column":88},"end":{"line":45,"column":99}}],"line":45},"8":{"loc":{"start":{"line":51,"column":2},"end":{"line":51,"column":51}},"type":"if","locations":[{"start":{"line":51,"column":2},"end":{"line":51,"column":51}},{"start":{},"end":{}}],"line":51},"9":{"loc":{"start":{"line":55,"column":32},"end":{"line":55,"column":69}},"type":"binary-expr","locations":[{"start":{"line":55,"column":32},"end":{"line":55,"column":54}},{"start":{"line":55,"column":58},"end":{"line":55,"column":69}}],"line":55},"10":{"loc":{"start":{"line":63,"column":2},"end":{"line":63,"column":54}},"type":"if","locations":[{"start":{"line":63,"column":2},"end":{"line":63,"column":54}},{"start":{},"end":{}}],"line":63}},"s":{"0":1,"1":1,"2":1,"3":1,"4":4,"5":4,"6":1,"7":3,"8":3,"9":1,"10":2,"11":1,"12":1,"13":1,"14":1,"15":5,"16":5,"17":2,"18":3,"19":3,"20":1,"21":2,"22":2,"23":1,"24":1,"25":1,"26":1,"27":2,"28":0,"29":2,"30":2,"31":0,"32":2,"33":2,"34":2,"35":1,"36":1,"37":1},"f":{"0":4,"1":5,"2":2},"b":{"0":[1,3],"1":[4,3,3,3],"2":[1,2],"3":[2,3],"4":[5,4],"5":[1,2],"6":[1,1],"7":[1,1],"8":[0,2],"9":[2,2],"10":[1,1]},"_coverageSchema":"1a1c01bbd47fc00a2c39e90264f33305004495a9","hash":"8242040f6c55284ba4a700f859b23491a6abc07a"}
,"C:\\Users\\LENOVO\\Desktop\\Software02\\Task-Management-System\\Server\\index.js": {"path":"C:\\Users\\LENOVO\\Desktop\\Software02\\Task-Management-System\\Server\\index.js","statementMap":{"0":{"start":{"line":1,"column":15},"end":{"line":1,"column":32}},"1":{"start":{"line":2,"column":16},"end":{"line":2,"column":34}},"2":{"start":{"line":3,"column":20},"end":{"line":3,"column":56}},"3":{"start":{"line":4,"column":20},"end":{"line":4,"column":56}},"4":{"start":{"line":5,"column":13},"end":{"line":5,"column":28}},"5":{"start":{"line":6,"column":12},"end":{"line":6,"column":21}},"6":{"start":{"line":7,"column":23},"end":{"line":7,"column":29}},"7":{"start":{"line":8,"column":0},"end":{"line":8,"column":16}},"8":{"start":{"line":9,"column":17},"end":{"line":9,"column":36}},"9":{"start":{"line":10,"column":21},"end":{"line":10,"column":57}},"10":{"start":{"line":11,"column":13},"end":{"line":11,"column":29}},"11":{"start":{"line":13,"column":0},"end":{"line":18,"column":2}},"12":{"start":{"line":20,"column":0},"end":{"line":20,"column":24}},"13":{"start":{"line":22,"column":0},"end":{"line":22,"column":50}},"14":{"start":{"line":24,"column":0},"end":{"line":24,"column":47}},"15":{"start":{"line":25,"column":0},"end":{"line":25,"column":61}},"16":{"start":{"line":28,"column":0},"end":{"line":30,"column":1}},"17":{"start":{"line":29,"column":2},"end":{"line":29,"column":62}},"18":{"start":{"line":29,"column":25},"end":{"line":29,"column":60}},"19":{"start":{"line":32,"column":0},"end":{"line":32,"column":21}}},"fnMap":{"0":{"name":"(anonymous_0)","decl":{"start":{"line":29,"column":19},"end":{"line":29,"column":20}},"loc":{"start":{"line":29,"column":25},"end":{"line":29,"column":60}},"line":29}},"branchMap":{"0":{"loc":{"start":{"line":28,"column":0},"end":{"line":30,"column":1}},"type":"if","locations":[{"start":{"line":28,"column":0},"end":{"line":30,"column":1}},{"start":{},"end":{}}],"line":28}},"s":{"0":1,"1":1,"2":1,"3":1,"4":1,"5":1,"6":1,"7":1,"8":1,"9":1,"10":1,"11":1,"12":1,"13":1,"14":1,"15":1,"16":1,"17":0,"18":0,"19":1},"f":{"0":0},"b":{"0":[0,1]},"_coverageSchema":"1a1c01bbd47fc00a2c39e90264f33305004495a9","hash":"19e7e0f5507518e2100754501b0b4c917008a9da"}
,"C:\\Users\\LENOVO\\Desktop\\Software02\\Task-Management-System\\Server\\auth\\auth.controller.js": {"path":"C:\\Users\\LENOVO\\Desktop\\Software02\\Task-Management-System\\Server\\auth\\auth.controller.js","statementMap":{"0":{"start":{"line":1,"column":15},"end":{"line":1,"column":34}},"1":{"start":{"line":2,"column":16},"end":{"line":2,"column":34}},"2":{"start":{"line":3,"column":12},"end":{"line":3,"column":35}},"3":{"start":{"line":4,"column":14},"end":{"line":4,"column":42}},"4":{"start":{"line":5,"column":13},"end":{"line":5,"column":41}},"5":{"start":{"line":6,"column":17},"end":{"line":6,"column":36}},"6":{"start":{"line":7,"column":21},"end":{"line":7,"column":52}},"7":{"start":{"line":8,"column":15},"end":{"line":8,"column":31}},"8":{"start":{"line":10,"column":0},"end":{"line":37,"column":3}},"9":{"start":{"line":12,"column":4},"end":{"line":12,"column":12}},"10":{"start":{"line":14,"column":23},"end":{"line":14,"column":59}},"11":{"start":{"line":16,"column":2},"end":{"line":17,"column":68}},"12":{"start":{"line":17,"column":4},"end":{"line":17,"column":68}},"13":{"start":{"line":19,"column":25},"end":{"line":19,"column":56}},"14":{"start":{"line":20,"column":18},"end":{"line":27,"column":4}},"15":{"start":{"line":29,"column":2},"end":{"line":36,"column":6}},"16":{"start":{"line":32,"column":6},"end":{"line":32,"column":72}},"17":{"start":{"line":35,"column":6},"end":{"line":35,"column":69}},"18":{"start":{"line":39,"column":0},"end":{"line":57,"column":3}},"19":{"start":{"line":40,"column":30},"end":{"line":40,"column":38}},"20":{"start":{"line":42,"column":15},"end":{"line":42,"column":51}},"21":{"start":{"line":43,"column":2},"end":{"line":43,"column":77}},"22":{"start":{"line":43,"column":13},"end":{"line":43,"column":77}},"23":{"start":{"line":45,"column":18},"end":{"line":45,"column":63}},"24":{"start":{"line":46,"column":2},"end":{"line":46,"column":80}},"25":{"start":{"line":46,"column":16},"end":{"line":46,"column":80}},"26":{"start":{"line":48,"column":16},"end":{"line":54,"column":3}},"27":{"start":{"line":56,"column":2},"end":{"line":56,"column":29}},"28":{"start":{"line":59,"column":0},"end":{"line":72,"column":3}},"29":{"start":{"line":60,"column":16},"end":{"line":60,"column":56}},"30":{"start":{"line":62,"column":18},"end":{"line":62,"column":59}},"31":{"start":{"line":63,"column":16},"end":{"line":63,"column":29}},"32":{"start":{"line":65,"column":22},"end":{"line":67,"column":3}},"33":{"start":{"line":69,"column":2},"end":{"line":69,"column":79}},"34":{"start":{"line":69,"column":20},"end":{"line":69,"column":79}},"35":{"start":{"line":71,"column":2},"end":{"line":71,"column":43}},"36":{"start":{"line":74,"column":0},"end":{"line":74,"column":24}}},"fnMap":{"0":{"name":"(anonymous_0)","decl":{"start":{"line":10,"column":25},"end":{"line":10,"column":26}},"loc":{"start":{"line":10,"column":45},"end":{"line":37,"column":1}},"line":10},"1":{"name":"(anonymous_1)","decl":{"start":{"line":31,"column":10},"end":{"line":31,"column":11}},"loc":{"start":{"line":32,"column":6},"end":{"line":32,"column":72}},"line":32},"2":{"name":"(anonymous_2)","decl":{"start":{"line":34,"column":11},"end":{"line":34,"column":12}},"loc":{"start":{"line":35,"column":6},"end":{"line":35,"column":69}},"line":35},"3":{"name":"(anonymous_3)","decl":{"start":{"line":39,"column":22},"end":{"line":39,"column":23}},"loc":{"start":{"line":39,"column":42},"end":{"line":57,"column":1}},"line":39},"4":{"name":"(anonymous_4)","decl":{"start":{"line":59,"column":34},"end":{"line":59,"column":35}},"loc":{"start":{"line":59,"column":54},"end":{"line":72,"column":1}},"line":59}},"branchMap":{"0":{"loc":{"start":{"line":16,"column":2},"end":{"line":17,"column":68}},"type":"if","locations":[{"start":{"line":16,"column":2},"end":{"line":17,"column":68}},{"start":{},"end":{}}],"line":16},"1":{"loc":{"start":{"line":43,"column":2},"end":{"line":43,"column":77}},"type":"if","locations":[{"start":{"line":43,"column":2},"end":{"line":43,"column":77}},{"start":{},"end":{}}],"line":43},"2":{"loc":{"start":{"line":46,"column":2},"end":{"line":46,"column":80}},"type":"if","locations":[{"start":{"line":46,"column":2},"end":{"line":46,"column":80}},{"start":{},"end":{}}],"line":46},"3":{"loc":{"start":{"line":69,"column":2},"end":{"line":69,"column":79}},"type":"if","locations":[{"start":{"line":69,"column":2},"end":{"line":69,"column":79}},{"start":{},"end":{}}],"line":69}},"s":{"0":1,"1":1,"2":1,"3":1,"4":1,"5":1,"6":1,"7":1,"8":1,"9":7,"10":7,"11":7,"12":1,"13":6,"14":6,"15":6,"16":6,"17":0,"18":1,"19":6,"20":6,"21":6,"22":2,"23":4,"24":4,"25":0,"26":4,"27":4,"28":1,"29":1,"30":1,"31":1,"32":1,"33":1,"34":0,"35":1,"36":1},"f":{"0":7,"1":6,"2":0,"3":6,"4":1},"b":{"0":[1,6],"1":[2,4],"2":[0,4],"3":[0,1]},"_coverageSchema":"1a1c01bbd47fc00a2c39e90264f33305004495a9","hash":"272c97bf24714723cbefffc05239ab8a0786b2fd"}
,"C:\\Users\\LENOVO\\Desktop\\Software02\\Task-Management-System\\Server\\auth\\auth.middleware.js": {"path":"C:\\Users\\LENOVO\\Desktop\\Software02\\Task-Management-System\\Server\\auth\\auth.middleware.js","statementMap":{"0":{"start":{"line":1,"column":12},"end":{"line":1,"column":35}},"1":{"start":{"line":3,"column":21},"end":{"line":23,"column":1}},"2":{"start":{"line":4,"column":2},"end":{"line":22,"column":3}},"3":{"start":{"line":5,"column":23},"end":{"line":5,"column":48}},"4":{"start":{"line":7,"column":4},"end":{"line":11,"column":5}},"5":{"start":{"line":8,"column":6},"end":{"line":10,"column":62}},"6":{"start":{"line":13,"column":18},"end":{"line":13,"column":42}},"7":{"start":{"line":15,"column":20},"end":{"line":15,"column":61}},"8":{"start":{"line":17,"column":4},"end":{"line":17,"column":23}},"9":{"start":{"line":19,"column":4},"end":{"line":19,"column":11}},"10":{"start":{"line":21,"column":4},"end":{"line":21,"column":76}},"11":{"start":{"line":25,"column":0},"end":{"line":25,"column":30}}},"fnMap":{"0":{"name":"(anonymous_0)","decl":{"start":{"line":3,"column":21},"end":{"line":3,"column":22}},"loc":{"start":{"line":3,"column":41},"end":{"line":23,"column":1}},"line":3}},"branchMap":{"0":{"loc":{"start":{"line":7,"column":4},"end":{"line":11,"column":5}},"type":"if","locations":[{"start":{"line":7,"column":4},"end":{"line":11,"column":5}},{"start":{},"end":{}}],"line":7},"1":{"loc":{"start":{"line":7,"column":8},"end":{"line":7,"column":56}},"type":"binary-expr","locations":[{"start":{"line":7,"column":8},"end":{"line":7,"column":19}},{"start":{"line":7,"column":23},"end":{"line":7,"column":56}}],"line":7}},"s":{"0":1,"1":1,"2":3,"3":3,"4":3,"5":1,"6":2,"7":2,"8":1,"9":1,"10":1,"11":1},"f":{"0":3},"b":{"0":[1,2],"1":[3,2]},"_coverageSchema":"1a1c01bbd47fc00a2c39e90264f33305004495a9","hash":"bddcafd1935bb2d1fcb18e8689f3588bf8978b47"}
,"C:\\Users\\LENOVO\\Desktop\\Software02\\Task-Management-System\\Server\\models\\task.model.js": {"path":"C:\\Users\\LENOVO\\Desktop\\Software02\\Task-Management-System\\Server\\models\\task.model.js","statementMap":{"0":{"start":{"line":1,"column":17},"end":{"line":1,"column":36}},"1":{"start":{"line":3,"column":13},"end":{"line":16,"column":1}},"2":{"start":{"line":18,"column":0},"end":{"line":18,"column":22}}},"fnMap":{},"branchMap":{},"s":{"0":2,"1":2,"2":2},"f":{},"b":{},"_coverageSchema":"1a1c01bbd47fc00a2c39e90264f33305004495a9","hash":"0f2ab597d45a62930e19755fb3da01fb856dd713"}
,"C:\\Users\\LENOVO\\Desktop\\Software02\\Task-Management-System\\Server\\models\\user.js": {"path":"C:\\Users\\LENOVO\\Desktop\\Software02\\Task-Management-System\\Server\\models\\user.js","statementMap":{"0":{"start":{"line":1,"column":17},"end":{"line":1,"column":36}},"1":{"start":{"line":3,"column":13},"end":{"line":11,"column":2}},"2":{"start":{"line":13,"column":0},"end":{"line":13,"column":22}}},"fnMap":{},"branchMap":{},"s":{"0":2,"1":2,"2":2},"f":{},"b":{},"_coverageSchema":"1a1c01bbd47fc00a2c39e90264f33305004495a9","hash":"80e8383451a3f48a4782f0a84b1aae8ee528997a"}
,"C:\\Users\\LENOVO\\Desktop\\Software02\\Task-Management-System\\Server\\task\\task.controller.js": {"path":"C:\\Users\\LENOVO\\Desktop\\Software02\\Task-Management-System\\Server\\task\\task.controller.js","statementMap":{"0":{"start":{"line":1,"column":16},"end":{"line":1,"column":34}},"1":{"start":{"line":2,"column":17},"end":{"line":2,"column":36}},"2":{"start":{"line":3,"column":13},"end":{"line":3,"column":44}},"3":{"start":{"line":4,"column":12},"end":{"line":4,"column":35}},"4":{"start":{"line":5,"column":15},"end":{"line":5,"column":31}},"5":{"start":{"line":8,"column":21},"end":{"line":8,"column":30}},"6":{"start":{"line":9,"column":16},"end":{"line":9,"column":53}},"7":{"start":{"line":11,"column":2},"end":{"line":16,"column":5}},"8":{"start":{"line":12,"column":16},"end":{"line":12,"column":45}},"9":{"start":{"line":13,"column":21},"end":{"line":13,"column":34}},"10":{"start":{"line":14,"column":4},"end":{"line":15,"column":37}},"11":{"start":{"line":14,"column":13},"end":{"line":14,"column":47}},"12":{"start":{"line":15,"column":9},"end":{"line":15,"column":37}},"13":{"start":{"line":18,"column":19},"end":{"line":18,"column":21}},"14":{"start":{"line":20,"column":2},"end":{"line":22,"column":5}},"15":{"start":{"line":21,"column":4},"end":{"line":21,"column":26}},"16":{"start":{"line":24,"column":2},"end":{"line":24,"column":18}},"17":{"start":{"line":27,"column":0},"end":{"line":32,"column":3}},"18":{"start":{"line":28,"column":16},"end":{"line":28,"column":33}},"19":{"start":{"line":29,"column":32},"end":{"line":29,"column":58}},"20":{"start":{"line":31,"column":2},"end":{"line":31,"column":46}},"21":{"start":{"line":34,"column":0},"end":{"line":41,"column":3}},"22":{"start":{"line":35,"column":16},"end":{"line":35,"column":33}},"23":{"start":{"line":36,"column":21},"end":{"line":38,"column":3}},"24":{"start":{"line":40,"column":2},"end":{"line":40,"column":42}},"25":{"start":{"line":43,"column":0},"end":{"line":53,"column":3}},"26":{"start":{"line":44,"column":16},"end":{"line":44,"column":33}},"27":{"start":{"line":45,"column":21},"end":{"line":47,"column":3}},"28":{"start":{"line":48,"column":32},"end":{"line":48,"column":58}},"29":{"start":{"line":50,"column":2},"end":{"line":52,"column":68}},"30":{"start":{"line":58,"column":0},"end":{"line":79,"column":3}},"31":{"start":{"line":59,"column":16},"end":{"line":59,"column":33}},"32":{"start":{"line":61,"column":62},"end":{"line":61,"column":71}},"33":{"start":{"line":63,"column":14},"end":{"line":65,"column":25}},"34":{"start":{"line":67,"column":20},"end":{"line":67,"column":67}},"35":{"start":{"line":69,"column":2},"end":{"line":76,"column":7}},"36":{"start":{"line":70,"column":4},"end":{"line":76,"column":7}},"37":{"start":{"line":71,"column":6},"end":{"line":75,"column":8}},"38":{"start":{"line":78,"column":2},"end":{"line":78,"column":59}},"39":{"start":{"line":84,"column":0},"end":{"line":92,"column":3}},"40":{"start":{"line":85,"column":13},"end":{"line":85,"column":26}},"41":{"start":{"line":87,"column":15},"end":{"line":87,"column":46}},"42":{"start":{"line":89,"column":2},"end":{"line":89,"column":73}},"43":{"start":{"line":89,"column":13},"end":{"line":89,"column":73}},"44":{"start":{"line":91,"column":2},"end":{"line":91,"column":36}},"45":{"start":{"line":95,"column":16},"end":{"line":95,"column":56}},"46":{"start":{"line":97,"column":18},"end":{"line":97,"column":59}},"47":{"start":{"line":98,"column":2},"end":{"line":98,"column":23}},"48":{"start":{"line":101,"column":0},"end":{"line":112,"column":3}},"49":{"start":{"line":102,"column":17},"end":{"line":102,"column":27}},"50":{"start":{"line":103,"column":42},"end":{"line":103,"column":50}},"51":{"start":{"line":105,"column":24},"end":{"line":109,"column":3}},"52":{"start":{"line":111,"column":2},"end":{"line":111,"column":38}},"53":{"start":{"line":117,"column":0},"end":{"line":144,"column":3}},"54":{"start":{"line":118,"column":16},"end":{"line":118,"column":33}},"55":{"start":{"line":120,"column":2},"end":{"line":121,"column":79}},"56":{"start":{"line":121,"column":4},"end":{"line":121,"column":79}},"57":{"start":{"line":123,"column":70},"end":{"line":123,"column":78}},"58":{"start":{"line":124,"column":15},"end":{"line":134,"column":4}},"59":{"start":{"line":136,"column":2},"end":{"line":143,"column":7}},"60":{"start":{"line":139,"column":6},"end":{"line":139,"column":33}},"61":{"start":{"line":142,"column":6},"end":{"line":142,"column":32}},"62":{"start":{"line":149,"column":0},"end":{"line":181,"column":3}},"63":{"start":{"line":150,"column":2},"end":{"line":180,"column":3}},"64":{"start":{"line":151,"column":15},"end":{"line":151,"column":28}},"65":{"start":{"line":153,"column":6},"end":{"line":153,"column":14}},"66":{"start":{"line":155,"column":17},"end":{"line":155,"column":48}},"67":{"start":{"line":157,"column":4},"end":{"line":159,"column":5}},"68":{"start":{"line":158,"column":6},"end":{"line":158,"column":65}},"69":{"start":{"line":161,"column":4},"end":{"line":161,"column":37}},"70":{"start":{"line":162,"column":4},"end":{"line":162,"column":55}},"71":{"start":{"line":163,"column":4},"end":{"line":163,"column":43}},"72":{"start":{"line":164,"column":4},"end":{"line":164,"column":46}},"73":{"start":{"line":165,"column":4},"end":{"line":165,"column":46}},"74":{"start":{"line":166,"column":4},"end":{"line":166,"column":40}},"75":{"start":{"line":169,"column":24},"end":{"line":172,"column":6}},"76":{"start":{"line":174,"column":4},"end":{"line":174,"column":38}},"77":{"start":{"line":176,"column":4},"end":{"line":176,"column":49}},"78":{"start":{"line":177,"column":4},"end":{"line":179,"column":70}},"79":{"start":{"line":186,"column":0},"end":{"line":196,"column":3}},"80":{"start":{"line":187,"column":13},"end":{"line":187,"column":26}},"81":{"start":{"line":189,"column":2},"end":{"line":195,"column":7}},"82":{"start":{"line":191,"column":6},"end":{"line":191,"column":79}},"83":{"start":{"line":194,"column":6},"end":{"line":194,"column":70}},"84":{"start":{"line":198,"column":0},"end":{"line":198,"column":24}}},"fnMap":{"0":{"name":"GetCategories","decl":{"start":{"line":7,"column":15},"end":{"line":7,"column":28}},"loc":{"start":{"line":7,"column":36},"end":{"line":25,"column":1}},"line":7},"1":{"name":"(anonymous_1)","decl":{"start":{"line":11,"column":16},"end":{"line":11,"column":17}},"loc":{"start":{"line":11,"column":26},"end":{"line":16,"column":3}},"line":11},"2":{"name":"(anonymous_2)","decl":{"start":{"line":20,"column":21},"end":{"line":20,"column":22}},"loc":{"start":{"line":20,"column":37},"end":{"line":22,"column":3}},"line":20},"3":{"name":"(anonymous_3)","decl":{"start":{"line":27,"column":26},"end":{"line":27,"column":27}},"loc":{"start":{"line":27,"column":46},"end":{"line":32,"column":1}},"line":27},"4":{"name":"(anonymous_4)","decl":{"start":{"line":34,"column":21},"end":{"line":34,"column":22}},"loc":{"start":{"line":34,"column":41},"end":{"line":41,"column":1}},"line":34},"5":{"name":"(anonymous_5)","decl":{"start":{"line":43,"column":23},"end":{"line":43,"column":24}},"loc":{"start":{"line":43,"column":43},"end":{"line":53,"column":1}},"line":43},"6":{"name":"(anonymous_6)","decl":{"start":{"line":58,"column":16},"end":{"line":58,"column":17}},"loc":{"start":{"line":58,"column":36},"end":{"line":79,"column":1}},"line":58},"7":{"name":"(anonymous_7)","decl":{"start":{"line":70,"column":25},"end":{"line":70,"column":26}},"loc":{"start":{"line":70,"column":35},"end":{"line":76,"column":5}},"line":70},"8":{"name":"(anonymous_8)","decl":{"start":{"line":84,"column":19},"end":{"line":84,"column":20}},"loc":{"start":{"line":84,"column":39},"end":{"line":92,"column":1}},"line":84},"9":{"name":"getUserEmail","decl":{"start":{"line":94,"column":9},"end":{"line":94,"column":21}},"loc":{"start":{"line":94,"column":27},"end":{"line":99,"column":1}},"line":94},"10":{"name":"(anonymous_10)","decl":{"start":{"line":101,"column":35},"end":{"line":101,"column":36}},"loc":{"start":{"line":101,"column":55},"end":{"line":112,"column":1}},"line":101},"11":{"name":"(anonymous_11)","decl":{"start":{"line":117,"column":17},"end":{"line":117,"column":18}},"loc":{"start":{"line":117,"column":31},"end":{"line":144,"column":1}},"line":117},"12":{"name":"(anonymous_12)","decl":{"start":{"line":138,"column":10},"end":{"line":138,"column":11}},"loc":{"start":{"line":138,"column":16},"end":{"line":140,"column":5}},"line":138},"13":{"name":"(anonymous_13)","decl":{"start":{"line":141,"column":11},"end":{"line":141,"column":12}},"loc":{"start":{"line":141,"column":20},"end":{"line":143,"column":5}},"line":141},"14":{"name":"(anonymous_14)","decl":{"start":{"line":149,"column":19},"end":{"line":149,"column":20}},"loc":{"start":{"line":149,"column":39},"end":{"line":181,"column":1}},"line":149},"15":{"name":"(anonymous_15)","decl":{"start":{"line":186,"column":22},"end":{"line":186,"column":23}},"loc":{"start":{"line":186,"column":36},"end":{"line":196,"column":1}},"line":186},"16":{"name":"(anonymous_16)","decl":{"start":{"line":190,"column":10},"end":{"line":190,"column":11}},"loc":{"start":{"line":190,"column":16},"end":{"line":192,"column":5}},"line":190},"17":{"name":"(anonymous_17)","decl":{"start":{"line":193,"column":11},"end":{"line":193,"column":12}},"loc":{"start":{"line":193,"column":20},"end":{"line":195,"column":5}},"line":193}},"branchMap":{"0":{"loc":{"start":{"line":14,"column":4},"end":{"line":15,"column":37}},"type":"if","locations":[{"start":{"line":14,"column":4},"end":{"line":15,"column":37}},{"start":{"line":15,"column":9},"end":{"line":15,"column":37}}],"line":14},"1":{"loc":{"start":{"line":64,"column":10},"end":{"line":64,"column":41}},"type":"binary-expr","locations":[{"start":{"line":64,"column":10},"end":{"line":64,"column":36}},{"start":{"line":64,"column":40},"end":{"line":64,"column":41}}],"line":64},"2":{"loc":{"start":{"line":65,"column":11},"end":{"line":65,"column":24}},"type":"binary-expr","locations":[{"start":{"line":65,"column":11},"end":{"line":65,"column":19}},{"start":{"line":65,"column":23},"end":{"line":65,"column":24}}],"line":65},"3":{"loc":{"start":{"line":69,"column":2},"end":{"line":76,"column":7}},"type":"if","locations":[{"start":{"line":69,"column":2},"end":{"line":76,"column":7}},{"start":{},"end":{}}],"line":69},"4":{"loc":{"start":{"line":69,"column":6},"end":{"line":69,"column":36}},"type":"binary-expr","locations":[{"start":{"line":69,"column":6},"end":{"line":69,"column":14}},{"start":{"line":69,"column":18},"end":{"line":69,"column":24}},{"start":{"line":69,"column":28},"end":{"line":69,"column":36}}],"line":69},"5":{"loc":{"start":{"line":72,"column":8},"end":{"line":74,"column":48}},"type":"binary-expr","locations":[{"start":{"line":72,"column":9},"end":{"line":72,"column":18}},{"start":{"line":72,"column":22},"end":{"line":72,"column":47}},{"start":{"line":73,"column":9},"end":{"line":73,"column":16}},{"start":{"line":73,"column":20},"end":{"line":73,"column":49}},{"start":{"line":74,"column":9},"end":{"line":74,"column":18}},{"start":{"line":74,"column":22},"end":{"line":74,"column":47}}],"line":72},"6":{"loc":{"start":{"line":89,"column":2},"end":{"line":89,"column":73}},"type":"if","locations":[{"start":{"line":89,"column":2},"end":{"line":89,"column":73}},{"start":{},"end":{}}],"line":89},"7":{"loc":{"start":{"line":120,"column":2},"end":{"line":121,"column":79}},"type":"if","locations":[{"start":{"line":120,"column":2},"end":{"line":121,"column":79}},{"start":{},"end":{}}],"line":120},"8":{"loc":{"start":{"line":132,"column":15},"end":{"line":132,"column":41}},"type":"binary-expr","locations":[{"start":{"line":132,"column":15},"end":{"line":132,"column":20}},{"start":{"line":132,"column":24},"end":{"line":132,"column":41}}],"line":132},"9":{"loc":{"start":{"line":157,"column":4},"end":{"line":159,"column":5}},"type":"if","locations":[{"start":{"line":157,"column":4},"end":{"line":159,"column":5}},{"start":{},"end":{}}],"line":157},"10":{"loc":{"start":{"line":161,"column":17},"end":{"line":161,"column":36}},"type":"binary-expr","locations":[{"start":{"line":161,"column":17},"end":{"line":161,"column":22}},{"start":{"line":161,"column":26},"end":{"line":161,"column":36}}],"line":161},"11":{"loc":{"start":{"line":162,"column":23},"end":{"line":162,"column":54}},"type":"binary-expr","locations":[{"start":{"line":162,"column":23},"end":{"line":162,"column":34}},{"start":{"line":162,"column":38},"end":{"line":162,"column":54}}],"line":162},"12":{"loc":{"start":{"line":163,"column":19},"end":{"line":163,"column":42}},"type":"binary-expr","locations":[{"start":{"line":163,"column":19},"end":{"line":163,"column":26}},{"start":{"line":163,"column":30},"end":{"line":163,"column":42}}],"line":163},"13":{"loc":{"start":{"line":164,"column":20},"end":{"line":164,"column":45}},"type":"binary-expr","locations":[{"start":{"line":164,"column":20},"end":{"line":164,"column":28}},{"start":{"line":164,"column":32},"end":{"line":164,"column":45}}],"line":164},"14":{"loc":{"start":{"line":165,"column":20},"end":{"line":165,"column":45}},"type":"binary-expr","locations":[{"start":{"line":165,"column":20},"end":{"line":165,"column":28}},{"start":{"line":165,"column":32},"end":{"line":165,"column":45}}],"line":165},"15":{"loc":{"start":{"line":166,"column":18},"end":{"line":166,"column":39}},"type":"binary-expr","locations":[{"start":{"line":166,"column":18},"end":{"line":166,"column":24}},{"start":{"line":166,"column":28},"end":{"line":166,"column":39}}],"line":166}},"s":{"0":2,"1":2,"2":2,"3":2,"4":2,"5":1,"6":1,"7":1,"8":3,"9":3,"10":3,"11":1,"12":2,"13":1,"14":1,"15":2,"16":1,"17":2,"18":1,"19":1,"20":1,"21":2,"22":0,"23":0,"24":0,"25":2,"26":0,"27":0,"28":0,"29":0,"30":2,"31":0,"32":0,"33":0,"34":0,"35":0,"36":0,"37":0,"38":0,"39":2,"40":2,"41":2,"42":2,"43":1,"44":1,"45":2,"46":2,"47":2,"48":2,"49":1,"50":1,"51":1,"52":1,"53":2,"54":1,"55":1,"56":0,"57":1,"58":1,"59":1,"60":1,"61":0,"62":2,"63":2,"64":2,"65":2,"66":2,"67":2,"68":1,"69":1,"70":1,"71":1,"72":1,"73":1,"74":1,"75":1,"76":1,"77":0,"78":0,"79":2,"80":2,"81":2,"82":1,"83":1,"84":2},"f":{"0":1,"1":3,"2":2,"3":1,"4":0,"5":0,"6":0,"7":0,"8":2,"9":2,"10":1,"11":1,"12":1,"13":0,"14":2,"15":2,"16":1,"17":1},"b":{"0":[1,2],"1":[0,0],"2":[0,0],"3":[0,0],"4":[0,0,0],"5":[0,0,0,0,0,0],"6":[1,1],"7":[0,1],"8":[1,0],"9":[1,1],"10":[1,0],"11":[1,1],"12":[1,1],"13":[1,1],"14":[1,1],"15":[1,1]},"_coverageSchema":"1a1c01bbd47fc00a2c39e90264f33305004495a9","hash":"7c0934b62a670f9562597127ac44e9b93c8ee7f9"}
}
