TN:
SF:AuthServiceUnitTesting.js
FN:5,(anonymous_0)
FN:32,(anonymous_1)
FN:50,(anonymous_2)
FNF:3
FNH:3
FNDA:4,(anonymous_0)
FNDA:5,(anonymous_1)
FNDA:2,(anonymous_2)
DA:1,1
DA:2,1
DA:3,1
DA:5,1
DA:6,4
DA:9,4
DA:10,1
DA:13,3
DA:14,3
DA:16,2
DA:18,1
DA:27,1
DA:29,1
DA:32,1
DA:33,5
DA:35,5
DA:36,2
DA:39,3
DA:40,3
DA:42,2
DA:43,2
DA:45,1
DA:47,1
DA:50,1
DA:51,2
DA:54,2
DA:55,2
DA:57,0
DA:60,2
DA:62,2
DA:63,2
DA:65,1
DA:68,1
LF:33
LH:32
BRDA:9,0,0,1
BRDA:9,0,1,3
BRDA:9,1,0,4
BRDA:9,1,1,3
BRDA:9,1,2,3
BRDA:9,1,3,3
BRDA:14,2,0,1
BRDA:14,2,1,2
BRDA:35,3,0,2
BRDA:35,3,1,3
BRDA:35,4,0,5
BRDA:35,4,1,4
BRDA:40,5,0,1
BRDA:40,5,1,2
BRDA:43,6,0,1
BRDA:43,6,1,1
BRDA:45,7,0,1
BRDA:45,7,1,1
BRDA:51,8,0,0
BRDA:51,8,1,2
BRDA:55,9,0,2
BRDA:55,9,1,2
BRDA:63,10,0,1
BRDA:63,10,1,1
BRF:24
BRH:23
end_of_record
TN:
SF:index.js
FN:29,(anonymous_0)
FNF:1
FNH:0
FNDA:0,(anonymous_0)
DA:1,1
DA:2,1
DA:3,1
DA:4,1
DA:5,1
DA:6,1
DA:7,1
DA:8,1
DA:9,1
DA:10,1
DA:11,1
DA:13,1
DA:20,1
DA:22,1
DA:24,1
DA:25,1
DA:28,1
DA:29,0
DA:32,1
LF:19
LH:18
BRDA:28,0,0,0
BRDA:28,0,1,1
BRF:2
BRH:1
end_of_record
TN:
SF:auth\auth.controller.js
FN:10,(anonymous_0)
FN:31,(anonymous_1)
FN:34,(anonymous_2)
FN:39,(anonymous_3)
FN:59,(anonymous_4)
FNF:5
FNH:4
FNDA:7,(anonymous_0)
FNDA:6,(anonymous_1)
FNDA:0,(anonymous_2)
FNDA:6,(anonymous_3)
FNDA:1,(anonymous_4)
DA:1,1
DA:2,1
DA:3,1
DA:4,1
DA:5,1
DA:6,1
DA:7,1
DA:8,1
DA:10,1
DA:12,7
DA:14,7
DA:16,7
DA:17,1
DA:19,6
DA:20,6
DA:29,6
DA:32,6
DA:35,0
DA:39,1
DA:40,6
DA:42,6
DA:43,6
DA:45,4
DA:46,4
DA:48,4
DA:56,4
DA:59,1
DA:60,1
DA:62,1
DA:63,1
DA:65,1
DA:69,1
DA:71,1
DA:74,1
LF:34
LH:33
BRDA:16,0,0,1
BRDA:16,0,1,6
BRDA:43,1,0,2
BRDA:43,1,1,4
BRDA:46,2,0,0
BRDA:46,2,1,4
BRDA:69,3,0,0
BRDA:69,3,1,1
BRF:8
BRH:6
end_of_record
TN:
SF:auth\auth.middleware.js
FN:3,(anonymous_0)
FNF:1
FNH:1
FNDA:3,(anonymous_0)
DA:1,1
DA:3,1
DA:4,3
DA:5,3
DA:7,3
DA:8,1
DA:13,2
DA:15,2
DA:17,1
DA:19,1
DA:21,1
DA:25,1
LF:12
LH:12
BRDA:7,0,0,1
BRDA:7,0,1,2
BRDA:7,1,0,3
BRDA:7,1,1,2
BRF:4
BRH:4
end_of_record
TN:
SF:models\task.model.js
FNF:0
FNH:0
DA:1,2
DA:3,2
DA:18,2
LF:3
LH:3
BRF:0
BRH:0
end_of_record
TN:
SF:models\user.js
FNF:0
FNH:0
DA:1,2
DA:3,2
DA:13,2
LF:3
LH:3
BRF:0
BRH:0
end_of_record
TN:
SF:task\task.controller.js
FN:7,GetCategories
FN:11,(anonymous_1)
FN:20,(anonymous_2)
FN:27,(anonymous_3)
FN:34,(anonymous_4)
FN:43,(anonymous_5)
FN:58,(anonymous_6)
FN:70,(anonymous_7)
FN:84,(anonymous_8)
FN:94,getUserEmail
FN:101,(anonymous_10)
FN:117,(anonymous_11)
FN:138,(anonymous_12)
FN:141,(anonymous_13)
FN:149,(anonymous_14)
FN:186,(anonymous_15)
FN:190,(anonymous_16)
FN:193,(anonymous_17)
FNF:18
FNH:13
FNDA:1,GetCategories
FNDA:3,(anonymous_1)
FNDA:2,(anonymous_2)
FNDA:1,(anonymous_3)
FNDA:0,(anonymous_4)
FNDA:0,(anonymous_5)
FNDA:0,(anonymous_6)
FNDA:0,(anonymous_7)
FNDA:2,(anonymous_8)
FNDA:2,getUserEmail
FNDA:1,(anonymous_10)
FNDA:1,(anonymous_11)
FNDA:1,(anonymous_12)
FNDA:0,(anonymous_13)
FNDA:2,(anonymous_14)
FNDA:2,(anonymous_15)
FNDA:1,(anonymous_16)
FNDA:1,(anonymous_17)
DA:1,2
DA:2,2
DA:3,2
DA:4,2
DA:5,2
DA:8,1
DA:9,1
DA:11,1
DA:12,3
DA:13,3
DA:14,3
DA:15,2
DA:18,1
DA:20,1
DA:21,2
DA:24,1
DA:27,2
DA:28,1
DA:29,1
DA:31,1
DA:34,2
DA:35,0
DA:36,0
DA:40,0
DA:43,2
DA:44,0
DA:45,0
DA:48,0
DA:50,0
DA:58,2
DA:59,0
DA:61,0
DA:63,0
DA:67,0
DA:69,0
DA:70,0
DA:71,0
DA:78,0
DA:84,2
DA:85,2
DA:87,2
DA:89,2
DA:91,1
DA:95,2
DA:97,2
DA:98,2
DA:101,2
DA:102,1
DA:103,1
DA:105,1
DA:111,1
DA:117,2
DA:118,1
DA:120,1
DA:121,0
DA:123,1
DA:124,1
DA:136,1
DA:139,1
DA:142,0
DA:149,2
DA:150,2
DA:151,2
DA:153,2
DA:155,2
DA:157,2
DA:158,1
DA:161,1
DA:162,1
DA:163,1
DA:164,1
DA:165,1
DA:166,1
DA:169,1
DA:174,1
DA:176,0
DA:177,0
DA:186,2
DA:187,2
DA:189,2
DA:191,1
DA:194,1
DA:198,2
LF:83
LH:64
BRDA:14,0,0,1
BRDA:14,0,1,2
BRDA:64,1,0,0
BRDA:64,1,1,0
BRDA:65,2,0,0
BRDA:65,2,1,0
BRDA:69,3,0,0
BRDA:69,3,1,0
BRDA:69,4,0,0
BRDA:69,4,1,0
BRDA:69,4,2,0
BRDA:72,5,0,0
BRDA:72,5,1,0
BRDA:72,5,2,0
BRDA:72,5,3,0
BRDA:72,5,4,0
BRDA:72,5,5,0
BRDA:89,6,0,1
BRDA:89,6,1,1
BRDA:120,7,0,0
BRDA:120,7,1,1
BRDA:132,8,0,1
BRDA:132,8,1,0
BRDA:157,9,0,1
BRDA:157,9,1,1
BRDA:161,10,0,1
BRDA:161,10,1,0
BRDA:162,11,0,1
BRDA:162,11,1,1
BRDA:163,12,0,1
BRDA:163,12,1,1
BRDA:164,13,0,1
BRDA:164,13,1,1
BRDA:165,14,0,1
BRDA:165,14,1,1
BRDA:166,15,0,1
BRDA:166,15,1,1
BRF:37
BRH:19
end_of_record
